Friday, 17-Feb-2017 03:13:04 - restore started
Friday, 17-Feb-2017 03:13:04 - wp version     : 4.7.2
Friday, 17-Feb-2017 03:13:04 - php version    : 5.6.2
Friday, 17-Feb-2017 03:13:04 - mysql version  : 5.5.38
Friday, 17-Feb-2017 03:13:04 - memory limit   : 1024M
Friday, 17-Feb-2017 03:13:04 - execution time : 600
Friday, 17-Feb-2017 03:13:04 - mysql timeout  : 600
Friday, 17-Feb-2017 03:13:04 - socket timeout : 600
Friday, 17-Feb-2017 03:13:04 - file download started
Friday, 17-Feb-2017 03:13:11 - download finished, filesize - 9.96 MB
Friday, 17-Feb-2017 03:13:11 - extracting database using ziparchive
Friday, 17-Feb-2017 03:13:11 - changing prefix from "wp_" to "hsc_"
Friday, 17-Feb-2017 03:13:11 - database import started
Friday, 17-Feb-2017 03:13:19 - updating mysql query with current site's url - new query : "INSERT INTO hsc_options VALUES("1", "siteurl", "http://localhost:8888/hscclean", "yes")"
Friday, 17-Feb-2017 03:14:17 - mysql query failed. error : 1273 Unknown collation: 'utf8mb4_unicode_520_ci' - query : "CREATE TABLE `hsc_termmeta` (
  `meta_id` bigint(20) unsigned NOT NULL AUTO_INCREMENT,
  `term_id` bigint(20) unsigned NOT NULL DEFAULT '0',
  `meta_key` varchar(255) COLLATE utf8mb4_unicode_520_ci DEFAULT NULL,
  `meta_value` longtext COLLATE utf8mb4_unicode_520_ci,
  PRIMARY KEY (`meta_id`),
  KEY `term_id` (`term_id`),
  KEY `meta_key` (`meta_key`(191))
) ENGINE=MyISAM DEFAULT CHARSET=utf8mb4 COLLATE=utf8mb4_unicode_520_ci"
Friday, 17-Feb-2017 03:14:28 - mysql query failed. error : 1065 Query was empty - query : ""
Friday, 17-Feb-2017 03:14:28 - database import finished
Friday, 17-Feb-2017 03:14:28 - search and replace started
Friday, 17-Feb-2017 03:14:28 - there are 50 tables to scan
Friday, 17-Feb-2017 03:15:13 - search and replace finished
Friday, 17-Feb-2017 03:15:13 - extracting archive using ziparchive
Friday, 17-Feb-2017 03:15:14 - copying files..
Friday, 17-Feb-2017 03:15:14 - deleting temp directory..
Friday, 17-Feb-2017 03:15:15 - deleting downloaded zip file..
Friday, 17-Feb-2017 03:15:15 - restore finished
